<?xml version="1.0" encoding="UTF-8"?>
<!-- Generated by org.testng.reporters.JUnitXMLReporter -->
<testsuite ignored="0" hostname="cexs-MacBook-Pro.local" failures="0" tests="3" name="Test" time="32.579" errors="0" timestamp="2023-10-05T21:10:42 WEST">
  <testcase classname="com.qa.tests.LoginTests" name="invalidPassword" time="7.934"/>
  <testcase classname="com.qa.tests.LoginTests" name="invalidUserName" time="3.391"/>
  <testcase classname="com.qa.tests.LoginTests" name="successfulLogin" time="4.922"/>
</testsuite> <!-- Test -->
